<?xml version="1.0" encoding="UTF-8"?>
<!-- Generated by org.testng.reporters.JUnitReportReporter -->
<testsuite hostname="DESKTOP-CO84QLD" failures="0" tests="2" name="batch8.TestNGTest" time="3.642" errors="0" timestamp="2023-07-28T18:28:37 BDT" skipped="0">
  <testcase classname="batch8.TestNGTest" name="Test1" time="3.641"/>
  <testcase classname="batch8.TestNGTest" name="BeforeTest1" time="0.001"/>
</testsuite> <!-- batch8.TestNGTest -->
